AutoDock Vina v1.2.5
#################################################################
# If you used AutoDock Vina in your work, please cite:          #
#                                                               #
# J. Eberhardt, D. Santos-Martins, A. F. Tillack, and S. Forli  #
# AutoDock Vina 1.2.0: New Docking Methods, Expanded Force      #
# Field, and Python Bindings, J. Chem. Inf. Model. (2021)       #
# DOI 10.1021/acs.jcim.1c00203                                  #
#                                                               #
# O. Trott, A. J. Olson,                                        #
# AutoDock Vina: improving the speed and accuracy of docking    #
# with a new scoring function, efficient optimization and       #
# multithreading, J. Comp. Chem. (2010)                         #
# DOI 10.1002/jcc.21334                                         #
#                                                               #
# Please see https://github.com/ccsb-scripps/AutoDock-Vina for  #
# more information.                                             #
#################################################################

Scoring function : vina
Rigid receptor: docking_p24/proteine/p24_clean.pdbqt
Ligand: docking_p24/ligands/pdbqt/ligand_5.pdbqt
Grid center: X 9.2 Y -23.2 Z 0
Grid size  : X 80 Y 80 Z 80
Grid space : 0.375
Exhaustiveness: 8
CPU: 8
Verbosity: 1

Computing Vina grid ... done.
Performing docking (random seed: 1218087669) ... 
0%   10   20   30   40   50   60   70   80   90   100%
|----|----|----|----|----|----|----|----|----|----|
***************************************************

mode |   affinity | dist from best mode
     | (kcal/mol) | rmsd l.b.| rmsd u.b.
-----+------------+----------+----------
   1       -5.999          0          0
   2       -5.887      12.23      14.74
   3       -5.793      27.55      30.17
   4       -5.751      12.13      14.76
   5       -5.673      11.98      14.78
   6       -5.626       12.8      14.98
   7       -5.596      25.93      29.79
   8       -5.539      25.95      28.69
   9       -5.493      1.288      2.146
