AutoDock Vina v1.2.5
#################################################################
# If you used AutoDock Vina in your work, please cite:          #
#                                                               #
# J. Eberhardt, D. Santos-Martins, A. F. Tillack, and S. Forli  #
# AutoDock Vina 1.2.0: New Docking Methods, Expanded Force      #
# Field, and Python Bindings, J. Chem. Inf. Model. (2021)       #
# DOI 10.1021/acs.jcim.1c00203                                  #
#                                                               #
# O. Trott, A. J. Olson,                                        #
# AutoDock Vina: improving the speed and accuracy of docking    #
# with a new scoring function, efficient optimization and       #
# multithreading, J. Comp. Chem. (2010)                         #
# DOI 10.1002/jcc.21334                                         #
#                                                               #
# Please see https://github.com/ccsb-scripps/AutoDock-Vina for  #
# more information.                                             #
#################################################################

Scoring function : vina
Rigid receptor: docking_p24/proteine/p24_clean.pdbqt
Ligand: docking_p24/ligands/pdbqt/ligand_76.pdbqt
Grid center: X 9.2 Y -23.2 Z 0
Grid size  : X 80 Y 80 Z 80
Grid space : 0.375
Exhaustiveness: 8
CPU: 8
Verbosity: 1

Computing Vina grid ... done.
Performing docking (random seed: 1061027076) ... 
0%   10   20   30   40   50   60   70   80   90   100%
|----|----|----|----|----|----|----|----|----|----|
***************************************************

mode |   affinity | dist from best mode
     | (kcal/mol) | rmsd l.b.| rmsd u.b.
-----+------------+----------+----------
   1       -6.056          0          0
   2       -5.826      23.44      29.54
   3       -5.773      1.062      2.661
   4       -5.656      12.16      18.25
   5       -5.652       12.3      15.53
   6       -5.626       14.3      15.72
   7       -5.601      29.16      32.82
   8       -5.587      29.32      33.29
   9       -5.579      29.83      31.31
