AutoDock Vina v1.2.5
#################################################################
# If you used AutoDock Vina in your work, please cite:          #
#                                                               #
# J. Eberhardt, D. Santos-Martins, A. F. Tillack, and S. Forli  #
# AutoDock Vina 1.2.0: New Docking Methods, Expanded Force      #
# Field, and Python Bindings, J. Chem. Inf. Model. (2021)       #
# DOI 10.1021/acs.jcim.1c00203                                  #
#                                                               #
# O. Trott, A. J. Olson,                                        #
# AutoDock Vina: improving the speed and accuracy of docking    #
# with a new scoring function, efficient optimization and       #
# multithreading, J. Comp. Chem. (2010)                         #
# DOI 10.1002/jcc.21334                                         #
#                                                               #
# Please see https://github.com/ccsb-scripps/AutoDock-Vina for  #
# more information.                                             #
#################################################################

Scoring function : vina
Rigid receptor: docking_p24/proteine/p24_clean.pdbqt
Ligand: docking_p24/ligands/pdbqt/ligand_25.pdbqt
Grid center: X 9.2 Y -23.2 Z 0
Grid size  : X 80 Y 80 Z 80
Grid space : 0.375
Exhaustiveness: 8
CPU: 8
Verbosity: 1

Computing Vina grid ... done.
Performing docking (random seed: 1614781952) ... 
0%   10   20   30   40   50   60   70   80   90   100%
|----|----|----|----|----|----|----|----|----|----|
***************************************************

mode |   affinity | dist from best mode
     | (kcal/mol) | rmsd l.b.| rmsd u.b.
-----+------------+----------+----------
   1       -6.058          0          0
   2       -5.857      32.62      34.48
   3       -5.464      32.77      35.27
   4       -5.449      18.85      22.44
   5       -5.405      21.98      24.24
   6       -5.326      15.15      17.41
   7       -5.281      21.16      23.35
   8       -5.261      19.89      22.25
   9       -5.164      8.613      10.69
