AutoDock Vina v1.2.5
#################################################################
# If you used AutoDock Vina in your work, please cite:          #
#                                                               #
# J. Eberhardt, D. Santos-Martins, A. F. Tillack, and S. Forli  #
# AutoDock Vina 1.2.0: New Docking Methods, Expanded Force      #
# Field, and Python Bindings, J. Chem. Inf. Model. (2021)       #
# DOI 10.1021/acs.jcim.1c00203                                  #
#                                                               #
# O. Trott, A. J. Olson,                                        #
# AutoDock Vina: improving the speed and accuracy of docking    #
# with a new scoring function, efficient optimization and       #
# multithreading, J. Comp. Chem. (2010)                         #
# DOI 10.1002/jcc.21334                                         #
#                                                               #
# Please see https://github.com/ccsb-scripps/AutoDock-Vina for  #
# more information.                                             #
#################################################################

Scoring function : vina
Rigid receptor: docking_p24/proteine/p24_clean.pdbqt
Ligand: docking_p24/ligands/pdbqt/ligand_26.pdbqt
Grid center: X 9.2 Y -23.2 Z 0
Grid size  : X 80 Y 80 Z 80
Grid space : 0.375
Exhaustiveness: 8
CPU: 8
Verbosity: 1

Computing Vina grid ... done.
Performing docking (random seed: 444332690) ... 
0%   10   20   30   40   50   60   70   80   90   100%
|----|----|----|----|----|----|----|----|----|----|
***************************************************

mode |   affinity | dist from best mode
     | (kcal/mol) | rmsd l.b.| rmsd u.b.
-----+------------+----------+----------
   1       -6.672          0          0
   2       -6.635       5.52      8.672
   3       -6.456      23.83       30.1
   4       -6.244      28.02      33.53
   5       -6.116      21.48      26.68
   6       -5.952      20.58       23.5
   7       -5.949      19.62      23.19
   8       -5.894      15.05      21.09
   9        -5.83      9.785      14.11
